

***********************************************************************
Fatal NI connect error 12535, connecting to:
 (DESCRIPTION=(ADDRESS=(PROTOCOL=TCP)(HOST=192.168.2.128)(PORT=1521))(CONNECT_DATA=(SERVICE_NAME=GLOBAL)(CID=(PROGRAM=D:\Program Files\Sybase\PowerBuilder 12.5\PB125.EXE)(HOST=XQ-20161125WXSO)(USER=Administrator))))

  VERSION INFORMATION:
	TNS for 32-bit Windows: Version 9.0.1.1.0 - Production
	Windows NT TCP/IP NT Protocol Adapter for 32-bit Windows: Version 9.0.1.1.0 - Production
  Time: 19-4月 -2017 07:08:59
  Tracing not turned on.
  Tns error struct:
    nr err code: 0
    ns main err code: 12535
    TNS-12535: Message 12535 not found; No message file for product=NETWORK, facility=TNS
    ns secondary err code: 12560
    nt main err code: 505
    TNS-00505: Message 505 not found; No message file for product=NETWORK, facility=TNS
    nt secondary err code: 60
    nt OS err code: 0


***********************************************************************
Fatal NI connect error 12535, connecting to:
 (DESCRIPTION=(ADDRESS=(PROTOCOL=TCP)(HOST=192.168.2.128)(PORT=1521))(CONNECT_DATA=(SERVICE_NAME=GLOBAL)(CID=(PROGRAM=D:\Program Files\Sybase\PowerBuilder 12.5\PB125.EXE)(HOST=XQ-20161125WXSO)(USER=Administrator))))

  VERSION INFORMATION:
	TNS for 32-bit Windows: Version 9.0.1.1.0 - Production
	Windows NT TCP/IP NT Protocol Adapter for 32-bit Windows: Version 9.0.1.1.0 - Production
  Time: 19-4月 -2017 07:09:25
  Tracing not turned on.
  Tns error struct:
    nr err code: 0
    ns main err code: 12535
    TNS-12535: Message 12535 not found; No message file for product=NETWORK, facility=TNS
    ns secondary err code: 12560
    nt main err code: 505
    TNS-00505: Message 505 not found; No message file for product=NETWORK, facility=TNS
    nt secondary err code: 60
    nt OS err code: 0


***********************************************************************
Fatal NI connect error 12535, connecting to:
 (DESCRIPTION=(ADDRESS=(PROTOCOL=TCP)(HOST=192.168.2.128)(PORT=1521))(CONNECT_DATA=(SERVICE_NAME=GLOBAL)(CID=(PROGRAM=D:\Program Files\Sybase\PowerBuilder 12.5\PB125.EXE)(HOST=XQ-20161125WXSO)(USER=Administrator))))

  VERSION INFORMATION:
	TNS for 32-bit Windows: Version 9.0.1.1.0 - Production
	Windows NT TCP/IP NT Protocol Adapter for 32-bit Windows: Version 9.0.1.1.0 - Production
  Time: 19-4月 -2017 07:11:02
  Tracing not turned on.
  Tns error struct:
    nr err code: 0
    ns main err code: 12535
    TNS-12535: Message 12535 not found; No message file for product=NETWORK, facility=TNS
    ns secondary err code: 12560
    nt main err code: 505
    TNS-00505: Message 505 not found; No message file for product=NETWORK, facility=TNS
    nt secondary err code: 60
    nt OS err code: 0


***********************************************************************
Fatal NI connect error 12535, connecting to:
 (DESCRIPTION=(ADDRESS=(PROTOCOL=TCP)(HOST=192.168.8.104)(PORT=1521))(CONNECT_DATA=(SERVICE_NAME=GLOBAL)(CID=(PROGRAM=D:\Program Files\Sybase\PowerBuilder 12.5\PB125.EXE)(HOST=XQ-20161125WXSO)(USER=Administrator))))

  VERSION INFORMATION:
	TNS for 32-bit Windows: Version 9.0.1.1.0 - Production
	Windows NT TCP/IP NT Protocol Adapter for 32-bit Windows: Version 9.0.1.1.0 - Production
  Time: 15-5月 -2017 21:58:56
  Tracing not turned on.
  Tns error struct:
    nr err code: 0
    ns main err code: 12535
    TNS-12535: Message 12535 not found; No message file for product=NETWORK, facility=TNS
    ns secondary err code: 12560
    nt main err code: 505
    TNS-00505: Message 505 not found; No message file for product=NETWORK, facility=TNS
    nt secondary err code: 60
    nt OS err code: 0


***********************************************************************
Fatal NI connect error 12535, connecting to:
 (DESCRIPTION=(ADDRESS=(PROTOCOL=TCP)(HOST=192.168.8.101)(PORT=1521))(CONNECT_DATA=(SERVICE_NAME=GLOBAL)(CID=(PROGRAM=D:\Program Files\Sybase\PowerBuilder 12.5\PB125.EXE)(HOST=XQ-20161125WXSO)(USER=Administrator))))

  VERSION INFORMATION:
	TNS for 32-bit Windows: Version 9.0.1.1.0 - Production
	Windows NT TCP/IP NT Protocol Adapter for 32-bit Windows: Version 9.0.1.1.0 - Production
  Time: 16-5月 -2017 13:53:16
  Tracing not turned on.
  Tns error struct:
    nr err code: 0
    ns main err code: 12535
    TNS-12535: Message 12535 not found; No message file for product=NETWORK, facility=TNS
    ns secondary err code: 12560
    nt main err code: 505
    TNS-00505: Message 505 not found; No message file for product=NETWORK, facility=TNS
    nt secondary err code: 60
    nt OS err code: 0


***********************************************************************
Fatal NI connect error 12535, connecting to:
 (DESCRIPTION=(ADDRESS=(PROTOCOL=TCP)(HOST=192.168.8.101)(PORT=1521))(CONNECT_DATA=(SERVICE_NAME=GLOBAL)(CID=(PROGRAM=D:\Program Files\Sybase\PowerBuilder 12.5\PB125.EXE)(HOST=XQ-20161125WXSO)(USER=Administrator))))

  VERSION INFORMATION:
	TNS for 32-bit Windows: Version 9.0.1.1.0 - Production
	Windows NT TCP/IP NT Protocol Adapter for 32-bit Windows: Version 9.0.1.1.0 - Production
  Time: 16-5月 -2017 13:54:32
  Tracing not turned on.
  Tns error struct:
    nr err code: 0
    ns main err code: 12535
    TNS-12535: Message 12535 not found; No message file for product=NETWORK, facility=TNS
    ns secondary err code: 12560
    nt main err code: 505
    TNS-00505: Message 505 not found; No message file for product=NETWORK, facility=TNS
    nt secondary err code: 60
    nt OS err code: 0


***********************************************************************
Fatal NI connect error 12535, connecting to:
 (DESCRIPTION=(ADDRESS=(PROTOCOL=TCP)(HOST=192.168.8.101)(PORT=1521))(CONNECT_DATA=(SERVICE_NAME=GLOBAL)(CID=(PROGRAM=D:\Program Files\Sybase\PowerBuilder 12.5\PB125.EXE)(HOST=XQ-20161125WXSO)(USER=Administrator))))

  VERSION INFORMATION:
	TNS for 32-bit Windows: Version 9.0.1.1.0 - Production
	Windows NT TCP/IP NT Protocol Adapter for 32-bit Windows: Version 9.0.1.1.0 - Production
  Time: 17-5月 -2017 21:10:31
  Tracing not turned on.
  Tns error struct:
    nr err code: 0
    ns main err code: 12535
    TNS-12535: Message 12535 not found; No message file for product=NETWORK, facility=TNS
    ns secondary err code: 12560
    nt main err code: 505
    TNS-00505: Message 505 not found; No message file for product=NETWORK, facility=TNS
    nt secondary err code: 60
    nt OS err code: 0


***********************************************************************
Fatal NI connect error 12560, connecting to:
 (DESCRIPTION=(ADDRESS=(PROTOCOL=TCP)(HOST=192.168.8.102)(PORT=1521))(CONNECT_DATA=(SERVICE_NAME=GLOBAL)(CID=(PROGRAM=D:\Program Files\Sybase\PowerBuilder 12.5\PB125.EXE)(HOST=XQ-20161125WXSO)(USER=Administrator))))

  VERSION INFORMATION:
	TNS for 32-bit Windows: Version 9.0.1.1.0 - Production
	Windows NT TCP/IP NT Protocol Adapter for 32-bit Windows: Version 9.0.1.1.0 - Production
  Time: 19-5月 -2017 12:48:22
  Tracing not turned on.
  Tns error struct:
    nr err code: 0
    ns main err code: 12560
    TNS-12560: Message 12560 not found; No message file for product=NETWORK, facility=TNS
    ns secondary err code: 0
    nt main err code: 538
    TNS-00538: Message 538 not found; No message file for product=NETWORK, facility=TNS
    nt secondary err code: 65
    nt OS err code: 0


***********************************************************************
Fatal NI connect error 12543, connecting to:
 (DESCRIPTION=(ADDRESS=(PROTOCOL=TCP)(HOST=192.168.8.102)(PORT=1521))(CONNECT_DATA=(SERVICE_NAME=GLOBAL)(CID=(PROGRAM=D:\Program Files\Sybase\PowerBuilder 12.5\PB125.EXE)(HOST=XQ-20161125WXSO)(USER=Administrator))))

  VERSION INFORMATION:
	TNS for 32-bit Windows: Version 9.0.1.1.0 - Production
	Windows NT TCP/IP NT Protocol Adapter for 32-bit Windows: Version 9.0.1.1.0 - Production
  Time: 20-5月 -2017 00:03:18
  Tracing not turned on.
  Tns error struct:
    nr err code: 0
    ns main err code: 12543
    TNS-12543: Message 12543 not found; No message file for product=NETWORK, facility=TNS
    ns secondary err code: 12560
    nt main err code: 513
    TNS-00513: Message 513 not found; No message file for product=NETWORK, facility=TNS
    nt secondary err code: 51
    nt OS err code: 0


***********************************************************************
Fatal NI connect error 12535, connecting to:
 (DESCRIPTION=(ADDRESS=(PROTOCOL=TCP)(HOST=192.168.8.101)(PORT=1521))(CONNECT_DATA=(SERVICE_NAME=GLOBAL)(CID=(PROGRAM=D:\Program Files\Sybase\PowerBuilder 12.5\PB125.EXE)(HOST=XQ-20161125WXSO)(USER=Administrator))))

  VERSION INFORMATION:
	TNS for 32-bit Windows: Version 9.0.1.1.0 - Production
	Windows NT TCP/IP NT Protocol Adapter for 32-bit Windows: Version 9.0.1.1.0 - Production
  Time: 20-5月 -2017 13:43:15
  Tracing not turned on.
  Tns error struct:
    nr err code: 0
    ns main err code: 12535
    TNS-12535: Message 12535 not found; No message file for product=NETWORK, facility=TNS
    ns secondary err code: 12560
    nt main err code: 505
    TNS-00505: Message 505 not found; No message file for product=NETWORK, facility=TNS
    nt secondary err code: 60
    nt OS err code: 0


***********************************************************************
Fatal NI connect error 12535, connecting to:
 (DESCRIPTION=(ADDRESS=(PROTOCOL=TCP)(HOST=192.168.8.102)(PORT=1521))(CONNECT_DATA=(SERVICE_NAME=GLOBAL)(CID=(PROGRAM=C:\Program Files\Sybase\PowerBuilder 12.5\PB125.EXE)(HOST=XQ-20170523QFDE)(USER=Administrator))))

  VERSION INFORMATION:
	TNS for 32-bit Windows: Version 9.0.1.1.0 - Production
	Windows NT TCP/IP NT Protocol Adapter for 32-bit Windows: Version 9.0.1.1.0 - Production
  Time: 31-5月 -2017 11:54:39
  Tracing not turned on.
  Tns error struct:
    nr err code: 0
    ns main err code: 12535
    TNS-12535: Message 12535 not found; No message file for product=NETWORK, facility=TNS
    ns secondary err code: 12560
    nt main err code: 505
    TNS-00505: Message 505 not found; No message file for product=NETWORK, facility=TNS
    nt secondary err code: 60
    nt OS err code: 0


***********************************************************************
Fatal NI connect error 12535, connecting to:
 (DESCRIPTION=(ADDRESS=(PROTOCOL=TCP)(HOST=192.168.8.102)(PORT=1521))(CONNECT_DATA=(SERVICE_NAME=GLOBAL)(CID=(PROGRAM=C:\Program Files\Sybase\PowerBuilder 12.5\PB125.EXE)(HOST=XQ-20170523QFDE)(USER=Administrator))))

  VERSION INFORMATION:
	TNS for 32-bit Windows: Version 9.0.1.1.0 - Production
	Windows NT TCP/IP NT Protocol Adapter for 32-bit Windows: Version 9.0.1.1.0 - Production
  Time: 31-5月 -2017 12:10:52
  Tracing not turned on.
  Tns error struct:
    nr err code: 0
    ns main err code: 12535
    TNS-12535: Message 12535 not found; No message file for product=NETWORK, facility=TNS
    ns secondary err code: 12560
    nt main err code: 505
    TNS-00505: Message 505 not found; No message file for product=NETWORK, facility=TNS
    nt secondary err code: 60
    nt OS err code: 0


***********************************************************************
Fatal NI connect error 12535, connecting to:
 (DESCRIPTION=(ADDRESS=(PROTOCOL=TCP)(HOST=192.168.8.102)(PORT=1521))(CONNECT_DATA=(SERVICE_NAME=GLOBAL)(CID=(PROGRAM=C:\Program Files\Sybase\PowerBuilder 12.5\PB125.EXE)(HOST=XQ-20170523QFDE)(USER=Administrator))))

  VERSION INFORMATION:
	TNS for 32-bit Windows: Version 9.0.1.1.0 - Production
	Windows NT TCP/IP NT Protocol Adapter for 32-bit Windows: Version 9.0.1.1.0 - Production
  Time: 31-5月 -2017 12:11:19
  Tracing not turned on.
  Tns error struct:
    nr err code: 0
    ns main err code: 12535
    TNS-12535: Message 12535 not found; No message file for product=NETWORK, facility=TNS
    ns secondary err code: 12560
    nt main err code: 505
    TNS-00505: Message 505 not found; No message file for product=NETWORK, facility=TNS
    nt secondary err code: 60
    nt OS err code: 0


***********************************************************************
Fatal NI connect error 12545, connecting to:
 (DESCRIPTION=(ADDRESS=(PROTOCOL=TCP)(HOST=192.168.43.255)(PORT=1521))(CONNECT_DATA=(SERVICE_NAME=GLOBAL)(CID=(PROGRAM=C:\Program Files\Sybase\PowerBuilder 12.5\PB125.EXE)(HOST=XQ-20170523QFDE)(USER=Administrator))))

  VERSION INFORMATION:
	TNS for 32-bit Windows: Version 9.0.1.1.0 - Production
	Windows NT TCP/IP NT Protocol Adapter for 32-bit Windows: Version 9.0.1.1.0 - Production
  Time: 31-5月 -2017 12:12:17
  Tracing not turned on.
  Tns error struct:
    nr err code: 0
    ns main err code: 12545
    TNS-12545: Message 12545 not found; No message file for product=NETWORK, facility=TNS
    ns secondary err code: 12560
    nt main err code: 515
    TNS-00515: Message 515 not found; No message file for product=NETWORK, facility=TNS
    nt secondary err code: 49
    nt OS err code: 0


***********************************************************************
Fatal NI connect error 12560, connecting to:
 (DESCRIPTION=(ADDRESS=(PROTOCOL=TCP)(HOST=192.168.8.101)(PORT=1521))(CONNECT_DATA=(SERVICE_NAME=GLOBAL)(CID=(PROGRAM=C:\Program Files\Sybase\PowerBuilder 12.5\PB125.EXE)(HOST=XQ-20170523QFDE)(USER=Administrator))))

  VERSION INFORMATION:
	TNS for 32-bit Windows: Version 9.0.1.1.0 - Production
	Windows NT TCP/IP NT Protocol Adapter for 32-bit Windows: Version 9.0.1.1.0 - Production
  Time: 31-5月 -2017 13:58:40
  Tracing not turned on.
  Tns error struct:
    nr err code: 0
    ns main err code: 12560
    TNS-12560: Message 12560 not found; No message file for product=NETWORK, facility=TNS
    ns secondary err code: 0
    nt main err code: 538
    TNS-00538: Message 538 not found; No message file for product=NETWORK, facility=TNS
    nt secondary err code: 65
    nt OS err code: 0


***********************************************************************
Fatal NI connect error 12560, connecting to:
 (DESCRIPTION=(ADDRESS=(PROTOCOL=TCP)(HOST=192.168.8.101)(PORT=1521))(CONNECT_DATA=(SERVICE_NAME=GLOBAL)(CID=(PROGRAM=C:\Program Files\Sybase\PowerBuilder 12.5\PB125.EXE)(HOST=XQ-20170523QFDE)(USER=Administrator))))

  VERSION INFORMATION:
	TNS for 32-bit Windows: Version 9.0.1.1.0 - Production
	Windows NT TCP/IP NT Protocol Adapter for 32-bit Windows: Version 9.0.1.1.0 - Production
  Time: 01-6月 -2017 12:27:27
  Tracing not turned on.
  Tns error struct:
    nr err code: 0
    ns main err code: 12560
    TNS-12560: Message 12560 not found; No message file for product=NETWORK, facility=TNS
    ns secondary err code: 0
    nt main err code: 538
    TNS-00538: Message 538 not found; No message file for product=NETWORK, facility=TNS
    nt secondary err code: 65
    nt OS err code: 0


***********************************************************************
Fatal NI connect error 12547, connecting to:
 (DESCRIPTION=(ADDRESS=(PROTOCOL=TCP)(HOST=192.168.8.101)(PORT=1521))(CONNECT_DATA=(SERVICE_NAME=GLOBAL)(CID=(PROGRAM=C:\Program Files\Sybase\PowerBuilder 12.5\PB125.EXE)(HOST=XQ-20170523QFDE)(USER=Administrator))))

  VERSION INFORMATION:
	TNS for 32-bit Windows: Version 9.0.1.1.0 - Production
	Windows NT TCP/IP NT Protocol Adapter for 32-bit Windows: Version 9.0.1.1.0 - Production
  Time: 04-6月 -2017 11:57:50
  Tracing not turned on.
  Tns error struct:
    nr err code: 0
    ns main err code: 12547
    TNS-12547: Message 12547 not found; No message file for product=NETWORK, facility=TNS
    ns secondary err code: 12560
    nt main err code: 517
    TNS-00517: Message 517 not found; No message file for product=NETWORK, facility=TNS
    nt secondary err code: 54
    nt OS err code: 0


***********************************************************************
Fatal NI connect error 12535, connecting to:
 (DESCRIPTION=(ADDRESS=(PROTOCOL=TCP)(HOST=192.168.8.104)(PORT=1521))(CONNECT_DATA=(SERVICE_NAME=GLOBAL)(CID=(PROGRAM=C:\Program Files\Sybase\PowerBuilder 12.5\PB125.EXE)(HOST=XQ-20170523QFDE)(USER=Administrator))))

  VERSION INFORMATION:
	TNS for 32-bit Windows: Version 9.0.1.1.0 - Production
	Windows NT TCP/IP NT Protocol Adapter for 32-bit Windows: Version 9.0.1.1.0 - Production
  Time: 04-6月 -2017 12:37:01
  Tracing not turned on.
  Tns error struct:
    nr err code: 0
    ns main err code: 12535
    TNS-12535: Message 12535 not found; No message file for product=NETWORK, facility=TNS
    ns secondary err code: 12560
    nt main err code: 505
    TNS-00505: Message 505 not found; No message file for product=NETWORK, facility=TNS
    nt secondary err code: 60
    nt OS err code: 0
